c Literals with value True based on clauses in complete_dimacs_sudoku
p cnf 81 81
168 0
175 0
225 0
231 0
318 0
419 0
444 0
465 0
493 0
689 0
692 0
727 0
732 0
828 0
886 0
956 0
961 0
973 0
114 0
126 0
137 0
143 0
159 0
182 0
191 0
212 0
247 0
254 0
266 0
278 0
283 0
299 0
323 0
339 0
345 0
351 0
362 0
377 0
384 0
396 0
421 0
438 0
452 0
476 0
487 0
517 0
522 0
536 0
541 0
553 0
569 0
574 0
585 0
598 0
613 0
624 0
635 0
646 0
658 0
667 0
671 0
716 0
748 0
755 0
763 0
779 0
781 0
794 0
811 0
833 0
849 0
857 0
864 0
872 0
895 0
915 0
929 0
934 0
942 0
988 0
997 0
