c Literals with value True based on clauses in damnhard-0007
p cnf 81 81
146 0
169 0
177 0
194 0
213 0
288 0
341 0
415 0
447 0
476 0
518 0
532 0
758 0
785 0
826 0
859 0
921 0
112 0
128 0
131 0
155 0
183 0
225 0
239 0
242 0
254 0
267 0
271 0
296 0
316 0
324 0
337 0
353 0
368 0
372 0
389 0
395 0
429 0
434 0
451 0
463 0
482 0
498 0
523 0
549 0
556 0
564 0
575 0
581 0
597 0
611 0
627 0
636 0
648 0
652 0
665 0
673 0
684 0
699 0
717 0
722 0
733 0
744 0
766 0
779 0
791 0
814 0
835 0
843 0
861 0
878 0
887 0
892 0
919 0
938 0
945 0
957 0
962 0
974 0
986 0
993 0
