c Literals with value True based on clauses in damnhard-0005
p cnf 81 81
146 0
164 0
175 0
218 0
443 0
474 0
496 0
511 0
538 0
557 0
612 0
724 0
745 0
773 0
852 0
888 0
981 0
119 0
122 0
137 0
151 0
183 0
198 0
225 0
236 0
242 0
253 0
267 0
271 0
284 0
299 0
314 0
321 0
333 0
348 0
359 0
365 0
372 0
386 0
397 0
415 0
427 0
439 0
458 0
461 0
482 0
526 0
544 0
562 0
579 0
585 0
593 0
623 0
634 0
649 0
655 0
666 0
678 0
687 0
691 0
717 0
731 0
756 0
768 0
789 0
792 0
816 0
829 0
835 0
841 0
863 0
877 0
894 0
913 0
928 0
932 0
947 0
954 0
969 0
976 0
995 0
