c Literals with value True based on clauses in damnhard-0003
p cnf 81 81
158 0
176 0
183 0
221 0
247 0
384 0
442 0
471 0
499 0
513 0
534 0
556 0
615 0
741 0
772 0
814 0
865 0
117 0
124 0
135 0
149 0
162 0
191 0
216 0
233 0
255 0
264 0
279 0
288 0
292 0
312 0
328 0
339 0
343 0
351 0
366 0
377 0
395 0
418 0
426 0
437 0
454 0
463 0
485 0
529 0
545 0
561 0
578 0
582 0
597 0
622 0
631 0
648 0
657 0
669 0
674 0
686 0
693 0
719 0
725 0
736 0
753 0
768 0
787 0
794 0
827 0
832 0
846 0
859 0
873 0
881 0
898 0
911 0
923 0
938 0
944 0
952 0
967 0
975 0
989 0
996 0
