c Literals with value True based on clauses in damnhard-0004
p cnf 81 81
158 0
161 0
217 0
272 0
389 0
416 0
424 0
485 0
553 0
598 0
612 0
738 0
791 0
847 0
873 0
929 0
942 0
119 0
126 0
132 0
144 0
175 0
183 0
197 0
221 0
234 0
249 0
255 0
263 0
288 0
296 0
318 0
323 0
335 0
346 0
357 0
362 0
371 0
394 0
431 0
448 0
452 0
469 0
477 0
493 0
515 0
527 0
539 0
541 0
566 0
574 0
582 0
628 0
633 0
645 0
654 0
667 0
676 0
681 0
699 0
714 0
722 0
743 0
756 0
765 0
779 0
787 0
811 0
825 0
836 0
859 0
868 0
884 0
892 0
913 0
937 0
951 0
964 0
978 0
986 0
995 0
