c Literals with value True based on clauses in damnhard-0006
p cnf 81 81
146 0
164 0
177 0
219 0
443 0
474 0
496 0
511 0
539 0
558 0
612 0
724 0
745 0
773 0
852 0
889 0
981 0
113 0
122 0
138 0
151 0
185 0
199 0
227 0
236 0
242 0
253 0
265 0
271 0
284 0
298 0
314 0
321 0
335 0
349 0
357 0
368 0
372 0
386 0
393 0
415 0
428 0
437 0
459 0
461 0
482 0
526 0
544 0
562 0
575 0
583 0
597 0
623 0
634 0
647 0
655 0
666 0
679 0
688 0
691 0
718 0
731 0
756 0
769 0
787 0
792 0
816 0
825 0
833 0
841 0
867 0
878 0
894 0
917 0
929 0
932 0
948 0
954 0
963 0
976 0
995 0
