c Literals with value True based on clauses in damnhard-0002
p cnf 81 81
154 0
177 0
183 0
221 0
248 0
385 0
442 0
471 0
499 0
513 0
535 0
557 0
616 0
741 0
774 0
815 0
866 0
118 0
125 0
136 0
149 0
162 0
191 0
217 0
233 0
256 0
265 0
279 0
282 0
294 0
319 0
324 0
332 0
343 0
351 0
367 0
378 0
396 0
414 0
427 0
438 0
455 0
463 0
486 0
529 0
546 0
561 0
572 0
584 0
598 0
622 0
631 0
644 0
658 0
669 0
675 0
687 0
693 0
712 0
726 0
737 0
753 0
768 0
789 0
795 0
828 0
834 0
847 0
859 0
873 0
881 0
892 0
911 0
923 0
939 0
945 0
952 0
964 0
976 0
988 0
997 0
